<?xml version="1.0" encoding="UTF-8"?>
<testng-results ignored="0" total="1" passed="1" failed="0" skipped="0">
  <reporter-output>
  </reporter-output>
  <suite started-at="2024-07-29T07:45:23 IST" name="Default suite" finished-at="2024-07-29T07:45:24 IST" duration-ms="1240">
    <groups>
    </groups>
    <test started-at="2024-07-29T07:45:23 IST" name="Default test" finished-at="2024-07-29T07:45:24 IST" duration-ms="1240">
      <class name="Day_2.DiffwaystoCreatePostReq">
        <test-method signature="externalJsonfile()[pri:0, instance:Day_2.DiffwaystoCreatePostReq@47e2e487]" started-at="2024-07-29T07:45:23 IST" name="externalJsonfile" finished-at="2024-07-29T07:45:24 IST" duration-ms="1209" status="PASS">
          <reporter-output>
          </reporter-output>
        </test-method> <!-- externalJsonfile -->
      </class> <!-- Day_2.DiffwaystoCreatePostReq -->
    </test> <!-- Default test -->
  </suite> <!-- Default suite -->
</testng-results>
